# JRE version: Java(TM) SE Runtime Environment (21.0.5+9) (build 21.0.5+9-LTS-239)
# Java VM: Java HotSpot(TM) 64-Bit Server VM (21.0.5+9-LTS-239, mixed mode, sharing, tiered, compressed oops, compressed class ptrs, g1 gc, windows-amd64)
GC Precious Log:
 CardTable entry size: 512
 Card Set container configuration: InlinePtr #cards 5 size 8 Array Of Cards #cards 12 size 40 Howl #buckets 4 coarsen threshold 1843 Howl Bitmap #cards 512 size 80 coarsen threshold 460 Card regions per heap region 1 cards per card region 2048
 CPUs: 4 total, 4 available
 Memory: 11701M
 Large Page Support: Disabled
 NUMA Support: Disabled
 Compressed Oops: Enabled (32-bit)
 Heap Region Size: 1M
 Heap Min Capacity: 8M
 Heap Initial Capacity: 184M
 Heap Max Capacity: 2G
 Pre-touch: Disabled
 Parallel Workers: 4
 Concurrent Workers: 1
 Concurrent Refinement Workers: 4
 Periodic GC: Disabled
Heap:
 garbage-first heap   total 214016K, used 139660K [0x0000000080000000, 0x0000000100000000)
  region size 1024K, 27 young (27648K), 1 survivors (1024K)
 Metaspace       used 102406K, committed 104704K, reserved 1179648K
  class space    used 14068K, committed 15232K, reserved 1048576K
GC Heap History (20 events):
Event: 17.223 GC heap before
{Heap before GC invocations=25 (full 0):
 garbage-first heap   total 138240K, used 129600K [0x0000000080000000, 0x0000000100000000)
  region size 1024K, 53 young (54272K), 4 survivors (4096K)
 Metaspace       used 68802K, committed 70784K, reserved 1114112K
  class space    used 9464K, committed 10432K, reserved 1048576K
}
Event: 17.237 GC heap after
{Heap after GC invocations=26 (full 0):
 garbage-first heap   total 169984K, used 79926K [0x0000000080000000, 0x0000000100000000)
  region size 1024K, 7 young (7168K), 7 survivors (7168K)
 Metaspace       used 68802K, committed 70784K, reserved 1114112K
  class space    used 9464K, committed 10432K, reserved 1048576K
}
Event: 19.730 GC heap before
{Heap before GC invocations=26 (full 0):
 garbage-first heap   total 169984K, used 151606K [0x0000000080000000, 0x0000000100000000)
  region size 1024K, 77 young (78848K), 7 survivors (7168K)
 Metaspace       used 75376K, committed 77376K, reserved 1179648K
  class space    used 10296K, committed 11328K, reserved 1048576K
}
Event: 19.743 GC heap after
{Heap after GC invocations=27 (full 0):
 garbage-first heap   total 169984K, used 84483K [0x0000000080000000, 0x0000000100000000)
  region size 1024K, 9 young (9216K), 9 survivors (9216K)
 Metaspace       used 75376K, committed 77376K, reserved 1179648K
  class space    used 10296K, committed 11328K, reserved 1048576K
}
Event: 20.088 GC heap before
{Heap before GC invocations=27 (full 0):
 garbage-first heap   total 169984K, used 103939K [0x0000000080000000, 0x0000000100000000)
  region size 1024K, 29 young (29696K), 9 survivors (9216K)
 Metaspace       used 76783K, committed 78784K, reserved 1179648K
  class space    used 10477K, committed 11520K, reserved 1048576K
}
Event: 20.098 GC heap after
{Heap after GC invocations=28 (full 0):
 garbage-first heap   total 169984K, used 84885K [0x0000000080000000, 0x0000000100000000)
  region size 1024K, 5 young (5120K), 5 survivors (5120K)
 Metaspace       used 76783K, committed 78784K, reserved 1179648K
  class space    used 10477K, committed 11520K, reserved 1048576K
}
Event: 21.426 GC heap before
{Heap before GC invocations=29 (full 0):
 garbage-first heap   total 169984K, used 157589K [0x0000000080000000, 0x0000000100000000)
  region size 1024K, 73 young (74752K), 5 survivors (5120K)
 Metaspace       used 79578K, committed 81664K, reserved 1179648K
  class space    used 10858K, committed 11904K, reserved 1048576K
}
Event: 21.439 GC heap after
{Heap after GC invocations=30 (full 0):
 garbage-first heap   total 169984K, used 93622K [0x0000000080000000, 0x0000000100000000)
  region size 1024K, 10 young (10240K), 10 survivors (10240K)
 Metaspace       used 79578K, committed 81664K, reserved 1179648K
  class space    used 10858K, committed 11904K, reserved 1048576K
}
Event: 22.333 GC heap before
{Heap before GC invocations=30 (full 0):
 garbage-first heap   total 169984K, used 149942K [0x0000000080000000, 0x0000000100000000)
  region size 1024K, 65 young (66560K), 10 survivors (10240K)
 Metaspace       used 83730K, committed 85760K, reserved 1179648K
  class space    used 11509K, committed 12544K, reserved 1048576K
}
Event: 22.347 GC heap after
{Heap after GC invocations=31 (full 0):
 garbage-first heap   total 169984K, used 94973K [0x0000000080000000, 0x0000000100000000)
  region size 1024K, 2 young (2048K), 2 survivors (2048K)
 Metaspace       used 83730K, committed 85760K, reserved 1179648K
  class space    used 11509K, committed 12544K, reserved 1048576K
}
Event: 23.572 GC heap before
{Heap before GC invocations=31 (full 0):
 garbage-first heap   total 169984K, used 157437K [0x0000000080000000, 0x0000000100000000)
  region size 1024K, 63 young (64512K), 2 survivors (2048K)
 Metaspace       used 88144K, committed 90304K, reserved 1179648K
  class space    used 12204K, committed 13312K, reserved 1048576K
}
Event: 23.580 GC heap after
{Heap after GC invocations=32 (full 0):
 garbage-first heap   total 169984K, used 97818K [0x0000000080000000, 0x0000000100000000)
  region size 1024K, 5 young (5120K), 5 survivors (5120K)
 Metaspace       used 88144K, committed 90304K, reserved 1179648K
  class space    used 12204K, committed 13312K, reserved 1048576K
}
Event: 24.565 GC heap before
{Heap before GC invocations=33 (full 0):
 garbage-first heap   total 178176K, used 154138K [0x0000000080000000, 0x0000000100000000)
  region size 1024K, 60 young (61440K), 5 survivors (5120K)
 Metaspace       used 91970K, committed 94208K, reserved 1179648K
  class space    used 12794K, committed 13952K, reserved 1048576K
}
Event: 24.577 GC heap after
{Heap after GC invocations=34 (full 0):
 garbage-first heap   total 178176K, used 100626K [0x0000000080000000, 0x0000000100000000)
  region size 1024K, 6 young (6144K), 6 survivors (6144K)
 Metaspace       used 91970K, committed 94208K, reserved 1179648K
  class space    used 12794K, committed 13952K, reserved 1048576K
}
Event: 25.667 GC heap before
{Heap before GC invocations=34 (full 0):
 garbage-first heap   total 178176K, used 161042K [0x0000000080000000, 0x0000000100000000)
  region size 1024K, 65 young (66560K), 6 survivors (6144K)
 Metaspace       used 97012K, committed 99264K, reserved 1179648K
  class space    used 13473K, committed 14656K, reserved 1048576K
}
Event: 25.681 GC heap after
{Heap after GC invocations=35 (full 0):
 garbage-first heap   total 178176K, used 102442K [0x0000000080000000, 0x0000000100000000)
  region size 1024K, 7 young (7168K), 7 survivors (7168K)
 Metaspace       used 97012K, committed 99264K, reserved 1179648K
  class space    used 13473K, committed 14656K, reserved 1048576K
}
Event: 26.468 GC heap before
{Heap before GC invocations=35 (full 0):
 garbage-first heap   total 178176K, used 143402K [0x0000000080000000, 0x0000000100000000)
  region size 1024K, 49 young (50176K), 7 survivors (7168K)
 Metaspace       used 99433K, committed 101696K, reserved 1179648K
  class space    used 13728K, committed 14912K, reserved 1048576K
}
Event: 26.486 GC heap after
{Heap after GC invocations=36 (full 0):
 garbage-first heap   total 214016K, used 108715K [0x0000000080000000, 0x0000000100000000)
  region size 1024K, 8 young (8192K), 8 survivors (8192K)
 Metaspace       used 99433K, committed 101696K, reserved 1179648K
  class space    used 13728K, committed 14912K, reserved 1048576K
}
Event: 26.488 GC heap before
{Heap before GC invocations=36 (full 0):
 garbage-first heap   total 214016K, used 109739K [0x0000000080000000, 0x0000000100000000)
  region size 1024K, 9 young (9216K), 8 survivors (8192K)
 Metaspace       used 99433K, committed 101696K, reserved 1179648K
  class space    used 13728K, committed 14912K, reserved 1048576K
}
Event: 26.499 GC heap after
{Heap after GC invocations=37 (full 0):
 garbage-first heap   total 214016K, used 110988K [0x0000000080000000, 0x0000000100000000)
  region size 1024K, 1 young (1024K), 1 survivors (1024K)
 Metaspace       used 99433K, committed 101696K, reserved 1179648K
  class space    used 13728K, committed 14912K, reserved 1048576K
}

